  sorting.cpp
d:\1programming\c++\sfml\sortvisualizer\sorting.cpp(28): warning C4244: аргумент: преобразование "int" в "T", возможна потеря данных
          with
          [
              T=float
          ]
d:\1programming\c++\sfml\sortvisualizer\sorting.cpp(30): warning C4244: аргумент: преобразование "int" в "float", возможна потеря данных
d:\1programming\c++\sfml\sortvisualizer\sorting.cpp(62): warning C4244: аргумент: преобразование "int" в "T", возможна потеря данных
          with
          [
              T=float
          ]
d:\1programming\c++\sfml\sortvisualizer\sorting.cpp(64): warning C4244: аргумент: преобразование "int" в "float", возможна потеря данных
d:\1programming\c++\sfml\sortvisualizer\sorting.cpp(87): warning C4244: инициализация: преобразование "sf::Int64" в "float", возможна потеря данных
d:\1programming\c++\sfml\sortvisualizer\sorting.cpp(89): warning C4244: +=: преобразование "double" в "float", возможна потеря данных
d:\1programming\c++\sfml\sortvisualizer\sorting.cpp(113): warning C4244: аргумент: преобразование "int" в "float", возможна потеря данных
d:\1programming\c++\sfml\sortvisualizer\sorting.cpp(114): warning C4244: аргумент: преобразование "int" в "float", возможна потеря данных
  Создание кода
  2 of 94 functions ( 2.1%) were compiled, the rest were copied from previous compilation.
    0 functions were new in current compilation
    0 functions had inline decision re-evaluated but remain unchanged
  Создание кода завершено
  SV.vcxproj -> D:\1PROGRAMMING\c++\SFML\SortVisualizer\SV\Release\SV.exe
